0 info it worked if it ends with ok
1 verbose cli [ 'C:\\Program Files\\nodejs\\node.exe',
1 verbose cli   'C:\\Program Files\\nodejs\\node_modules\\npm\\bin\\npm-cli.js',
1 verbose cli   'run',
1 verbose cli   'build' ]
2 info using npm@3.8.6
3 info using node@v6.1.0
4 verbose run-script [ 'prebuild', 'build', 'postbuild' ]
5 info lifecycle react-learning@1.0.0~prebuild: react-learning@1.0.0
6 silly lifecycle react-learning@1.0.0~prebuild: no script for prebuild, continuing
7 info lifecycle react-learning@1.0.0~build: react-learning@1.0.0
8 verbose lifecycle react-learning@1.0.0~build: unsafe-perm in lifecycle true
9 verbose lifecycle react-learning@1.0.0~build: PATH: C:\Program Files\nodejs\node_modules\npm\bin\node-gyp-bin;C:\Users\Jim\Projects\react-learning\node_modules\.bin;C:\Program Files\nodejs;C:\Users\Jim\bin;C:\Users\Jim\AppData\Local\Programs\Git\mingw64\bin;C:\Users\Jim\AppData\Local\Programs\Git\usr\local\bin;C:\Users\Jim\AppData\Local\Programs\Git\usr\bin;C:\Users\Jim\AppData\Local\Programs\Git\usr\bin;C:\Users\Jim\AppData\Local\Programs\Git\mingw64\bin;C:\Users\Jim\AppData\Local\Programs\Git\usr\bin;C:\Users\Jim\bin;C:\ProgramData\Oracle\Java\javapath;C:\Program Files (x86)\Intel\iCLS Client;C:\Program Files\Intel\iCLS Client;C:\WINDOWS\system32;C:\WINDOWS;C:\WINDOWS\System32\Wbem;C:\WINDOWS\System32\WindowsPowerShell\v1.0;C:\Program Files (x86)\Windows Live\Shared;C:\Program Files\Intel\Intel(R) Management Engine Components\DAL;C:\Program Files\Intel\Intel(R) Management Engine Components\IPT;C:\Program Files (x86)\Intel\Intel(R) Management Engine Components\DAL;C:\Program Files (x86)\Intel\Intel(R) Management Engine Components\IPT;C:\Program Files (x86)\Intel\OpenCL SDK\2.0\bin\x86;C:\Program Files (x86)\Intel\OpenCL SDK\2.0\bin\x64;C:\Program Files (x86)\GnuPG\bin;C:\Program Files (x86)\GNU\GnuPG\pub;C:\WINDOWS\system32;C:\WINDOWS;C:\WINDOWS\System32\Wbem;C:\WINDOWS\System32\WindowsPowerShell\v1.0;C:\Program Files (x86)\Skype\Phone;C:\Program Files\nodejs;C:\Ruby22\bin;C:\Program Files (x86)\Google\Chrome\Application;C:\ProgramData\Oracle\Java\javapath;C:\Program Files (x86)\Intel\iCLS Client;C:\Program Files\Intel\iCLS Client;C:\WINDOWS\system32;C:\WINDOWS;C:\WINDOWS\System32\Wbem;C:\WINDOWS\System32\WindowsPowerShell\v1.0;C:\Program Files (x86)\Windows Live\Shared;C:\Program Files\Intel\Intel(R) Management Engine Components\DAL;C:\Program Files\Intel\Intel(R) Management Engine Components\IPT;C:\Program Files (x86)\Intel\Intel(R) Management Engine Components\DAL;C:\Program Files (x86)\Intel\Intel(R) Management Engine Components\IPT;C:\Program Files (x86)\Intel\OpenCL SDK\2.0\bin\x86;C:\Program Files (x86)\Intel\OpenCL SDK\2.0\bin\x64;C:\Program Files (x86)\GnuPG\bin;C:\Program Files (x86)\GNU\GnuPG\pub;C:\Users\Jim\AppData\Roaming\npm;C:\Users\Jim\AppData\Local\Programs\Git\usr\bin\vendor_perl;C:\Users\Jim\AppData\Local\Programs\Git\usr\bin\core_perl
10 verbose lifecycle react-learning@1.0.0~build: CWD: C:\Users\Jim\Projects\react-learning
11 silly lifecycle react-learning@1.0.0~build: Args: [ '/d /s /c', 'webpack' ]
12 silly lifecycle react-learning@1.0.0~build: Returned: code: 1  signal: null
13 info lifecycle react-learning@1.0.0~build: Failed to exec build script
14 verbose stack Error: react-learning@1.0.0 build: `webpack`
14 verbose stack Exit status 1
14 verbose stack     at EventEmitter.<anonymous> (C:\Program Files\nodejs\node_modules\npm\lib\utils\lifecycle.js:239:16)
14 verbose stack     at emitTwo (events.js:106:13)
14 verbose stack     at EventEmitter.emit (events.js:191:7)
14 verbose stack     at ChildProcess.<anonymous> (C:\Program Files\nodejs\node_modules\npm\lib\utils\spawn.js:24:14)
14 verbose stack     at emitTwo (events.js:106:13)
14 verbose stack     at ChildProcess.emit (events.js:191:7)
14 verbose stack     at maybeClose (internal/child_process.js:850:16)
14 verbose stack     at Process.ChildProcess._handle.onexit (internal/child_process.js:215:5)
15 verbose pkgid react-learning@1.0.0
16 verbose cwd C:\Users\Jim\Projects\react-learning
17 error Windows_NT 10.0.10586
18 error argv "C:\\Program Files\\nodejs\\node.exe" "C:\\Program Files\\nodejs\\node_modules\\npm\\bin\\npm-cli.js" "run" "build"
19 error node v6.1.0
20 error npm  v3.8.6
21 error code ELIFECYCLE
22 error react-learning@1.0.0 build: `webpack`
22 error Exit status 1
23 error Failed at the react-learning@1.0.0 build script 'webpack'.
23 error Make sure you have the latest version of node.js and npm installed.
23 error If you do, this is most likely a problem with the react-learning package,
23 error not with npm itself.
23 error Tell the author that this fails on your system:
23 error     webpack
23 error You can get information on how to open an issue for this project with:
23 error     npm bugs react-learning
23 error Or if that isn't available, you can get their info via:
23 error     npm owner ls react-learning
23 error There is likely additional logging output above.
24 verbose exit [ 1, true ]
